  MyForm.cpp
C:\Users\philo\Desktop\psets\TransportationSYS - Copy\Project5\Graph.h(51,77): warning C4244: 'argument': conversion from 'int' to 'float', possible loss of data
C:\Users\philo\Desktop\psets\TransportationSYS - Copy\Project5\Graph.h(51,60): warning C4244: 'argument': conversion from 'int' to 'float', possible loss of data
C:\Users\philo\Desktop\psets\TransportationSYS - Copy\Project5\Graph.h(51,49): warning C4244: 'argument': conversion from 'int' to 'float', possible loss of data
C:\Users\philo\Desktop\psets\TransportationSYS - Copy\Project5\Graph.h(51,46): warning C4244: 'argument': conversion from 'int' to 'float', possible loss of data
C:\Users\philo\Desktop\psets\TransportationSYS - Copy\Project5\Graph.h(55,127): warning C4244: 'argument': conversion from 'int' to 'float', possible loss of data
C:\Users\philo\Desktop\psets\TransportationSYS - Copy\Project5\Graph.h(55,96): warning C4244: 'argument': conversion from 'int' to 'float', possible loss of data
C:\Users\philo\Desktop\psets\TransportationSYS - Copy\Project5\Graph.h(71,110): warning C4244: 'argument': conversion from 'int' to 'float', possible loss of data
C:\Users\philo\Desktop\psets\TransportationSYS - Copy\Project5\Graph.h(71,84): warning C4244: 'argument': conversion from 'int' to 'float', possible loss of data
C:\Users\philo\Desktop\psets\TransportationSYS - Copy\Project5\Graph.h(72,110): warning C4244: 'argument': conversion from 'int' to 'float', possible loss of data
C:\Users\philo\Desktop\psets\TransportationSYS - Copy\Project5\Graph.h(72,84): warning C4244: 'argument': conversion from 'int' to 'float', possible loss of data
C:\Users\philo\Desktop\psets\TransportationSYS - Copy\Project5\Graph.h(76,113): warning C4244: 'argument': conversion from 'int' to 'float', possible loss of data
C:\Users\philo\Desktop\psets\TransportationSYS - Copy\Project5\Graph.h(76,94): warning C4244: 'argument': conversion from 'int' to 'float', possible loss of data
C:\Program Files\Microsoft Visual Studio\2022\Community\VC\Tools\MSVC\14.35.32215\include\utility(200,61): warning C4244: 'initializing': conversion from '_Ty' to '_Ty2', possible loss of data
          with
          [
              _Ty=__int64
          ]
          and
          [
              _Ty2=int
          ]
C:\Users\philo\Desktop\psets\TransportationSYS - Copy\Project5\Graph.h(28,1): message : see reference to function template instantiation 'std::pair<std::string,int>::pair<std::basic_string<char,std::char_traits<char>,std::allocator<char>>,__int64,0>(std::pair<std::basic_string<char,std::char_traits<char>,std::allocator<char>>,__int64> &&) noexcept' being compiled
C:\Users\philo\Desktop\psets\TransportationSYS - Copy\Project5\Graph.h(28,31): message : see reference to function template instantiation 'std::pair<std::string,int>::pair<std::basic_string<char,std::char_traits<char>,std::allocator<char>>,__int64,0>(std::pair<std::basic_string<char,std::char_traits<char>,std::allocator<char>>,__int64> &&) noexcept' being compiled
  MyForm.obj : MSIL module encountered; incremental linking is disabled for MSIL; performing full link
  Project5.vcxproj -> C:\Users\philo\Desktop\psets\TransportationSYS - Copy\x64\Debug\Project5.exe
